<?xml version="1.0" encoding="UTF-8"?>
<!-- Generated by org.testng.reporters.JUnitReportReporter -->
<testsuite hostname="Veronika-PC" name="by.academy.TestServer" tests="1" failures="0" timestamp="3 Aug 2015 10:45:54 GMT" time="6.067" errors="0">
  <testcase name="testNothing" time="6.067" classname="by.academy.TestServer"/>
</testsuite> <!-- by.academy.TestServer -->
