<?xml version="1.0" encoding="UTF-8"?>
<!-- Generated by org.testng.reporters.JUnitReportReporter -->
<testsuite hostname="Veronika-PC" name="by.academy.TestServer" tests="1" failures="0" timestamp="3 Aug 2015 10:45:09 GMT" time="5.967" errors="0">
  <testcase name="testNothing" time="5.967" classname="by.academy.TestServer"/>
</testsuite> <!-- by.academy.TestServer -->
